<?xml version="1.0" encoding="UTF-8"?>
<!-- Generated by org.testng.reporters.JUnitXMLReporter -->
<testsuite hostname="DESKTOP-059K6UF" ignored="0" name="Default test" tests="10" failures="0" timestamp="2020-05-27T21:30:16 CDT" time="71.269" errors="0">
  <testcase name="TestCase1" time="4.017" classname="workingwithTestNG.TestNGFramework"/>
  <testcase name="TestCase2" time="0.759" classname="workingwithTestNG.TestNGFramework"/>
  <testcase name="TestCase3" time="1.082" classname="workingwithTestNG.TestNGFramework"/>
  <testcase name="TestCase4" time="2.082" classname="workingwithTestNG.TestNGFramework"/>
  <testcase name="TestCase5" time="0.559" classname="workingwithTestNG.TestNGFramework"/>
  <testcase name="TestCase1" time="9.176" classname="workingwithTestNG.Login"/>
  <testcase name="TestCase2" time="6.444" classname="workingwithTestNG.Login"/>
  <testcase name="TestCase3" time="6.134" classname="workingwithTestNG.Login"/>
  <testcase name="TestCase4" time="7.36" classname="workingwithTestNG.Login"/>
  <testcase name="TestCase5" time="6.257" classname="workingwithTestNG.Login"/>
</testsuite> <!-- Default test -->
