<?xml version="1.0" encoding="UTF-8"?>
<testng-results skipped="0" failed="0" ignored="0" total="10" passed="10">
  <reporter-output>
  </reporter-output>
  <suite name="Default suite" duration-ms="71269" started-at="2020-05-27T21:29:04 CDT" finished-at="2020-05-27T21:30:16 CDT">
    <groups>
      <group name="Login">
        <method signature="TestNGFramework.TestCase1()[pri:1, instance:workingwithTestNG.TestNGFramework@47ef968d]" name="TestCase1" class="workingwithTestNG.TestNGFramework"/>
        <method signature="TestNGFramework.TestCase2()[pri:2, instance:workingwithTestNG.TestNGFramework@47ef968d]" name="TestCase2" class="workingwithTestNG.TestNGFramework"/>
        <method signature="TestNGFramework.TestCase3()[pri:3, instance:workingwithTestNG.TestNGFramework@47ef968d]" name="TestCase3" class="workingwithTestNG.TestNGFramework"/>
        <method signature="TestNGFramework.TestCase4()[pri:4, instance:workingwithTestNG.TestNGFramework@47ef968d]" name="TestCase4" class="workingwithTestNG.TestNGFramework"/>
        <method signature="TestNGFramework.TestCase5()[pri:4, instance:workingwithTestNG.TestNGFramework@47ef968d]" name="TestCase5" class="workingwithTestNG.TestNGFramework"/>
      </group> <!-- Login -->
    </groups>
    <test name="Default test" duration-ms="71269" started-at="2020-05-27T21:29:04 CDT" finished-at="2020-05-27T21:30:16 CDT">
      <class name="workingwithTestNG.Login">
        <test-method status="PASS" signature="TestCase1()[pri:0, instance:workingwithTestNG.Login@23e028a9]" name="TestCase1" duration-ms="9176" started-at="2020-05-27T21:29:40 CDT" finished-at="2020-05-27T21:29:49 CDT">
          <reporter-output>
          </reporter-output>
        </test-method> <!-- TestCase1 -->
        <test-method status="PASS" signature="TestCase2()[pri:0, instance:workingwithTestNG.Login@23e028a9]" name="TestCase2" duration-ms="6444" started-at="2020-05-27T21:29:49 CDT" finished-at="2020-05-27T21:29:56 CDT">
          <reporter-output>
          </reporter-output>
        </test-method> <!-- TestCase2 -->
        <test-method status="PASS" signature="TestCase3()[pri:0, instance:workingwithTestNG.Login@23e028a9]" name="TestCase3" duration-ms="6134" started-at="2020-05-27T21:29:56 CDT" finished-at="2020-05-27T21:30:02 CDT">
          <reporter-output>
          </reporter-output>
        </test-method> <!-- TestCase3 -->
        <test-method status="PASS" signature="TestCase4()[pri:0, instance:workingwithTestNG.Login@23e028a9]" name="TestCase4" duration-ms="7360" started-at="2020-05-27T21:30:02 CDT" finished-at="2020-05-27T21:30:09 CDT">
          <reporter-output>
          </reporter-output>
        </test-method> <!-- TestCase4 -->
        <test-method status="PASS" signature="TestCase5()[pri:0, instance:workingwithTestNG.Login@23e028a9]" name="TestCase5" duration-ms="6257" started-at="2020-05-27T21:30:09 CDT" finished-at="2020-05-27T21:30:16 CDT">
          <reporter-output>
          </reporter-output>
        </test-method> <!-- TestCase5 -->
      </class> <!-- workingwithTestNG.Login -->
      <class name="workingwithTestNG.TestNGFramework">
        <test-method status="PASS" signature="BuildExecution()[pri:0, instance:workingwithTestNG.TestNGFramework@47ef968d]" name="BuildExecution" is-config="true" duration-ms="6164" started-at="2020-05-27T21:29:04 CDT" finished-at="2020-05-27T21:29:11 CDT">
          <reporter-output>
          </reporter-output>
        </test-method> <!-- BuildExecution -->
        <test-method status="PASS" signature="TestCase1()[pri:1, instance:workingwithTestNG.TestNGFramework@47ef968d]" name="TestCase1" duration-ms="4017" started-at="2020-05-27T21:29:11 CDT" finished-at="2020-05-27T21:29:15 CDT">
          <reporter-output>
          </reporter-output>
        </test-method> <!-- TestCase1 -->
        <test-method status="PASS" signature="BuildExecution()[pri:0, instance:workingwithTestNG.TestNGFramework@47ef968d]" name="BuildExecution" is-config="true" duration-ms="5314" started-at="2020-05-27T21:29:15 CDT" finished-at="2020-05-27T21:29:20 CDT">
          <reporter-output>
          </reporter-output>
        </test-method> <!-- BuildExecution -->
        <test-method status="PASS" signature="TestCase2()[pri:2, instance:workingwithTestNG.TestNGFramework@47ef968d]" name="TestCase2" duration-ms="759" started-at="2020-05-27T21:29:20 CDT" finished-at="2020-05-27T21:29:21 CDT">
          <reporter-output>
          </reporter-output>
        </test-method> <!-- TestCase2 -->
        <test-method status="PASS" signature="BuildExecution()[pri:0, instance:workingwithTestNG.TestNGFramework@47ef968d]" name="BuildExecution" is-config="true" duration-ms="5195" started-at="2020-05-27T21:29:21 CDT" finished-at="2020-05-27T21:29:26 CDT">
          <reporter-output>
          </reporter-output>
        </test-method> <!-- BuildExecution -->
        <test-method status="PASS" signature="TestCase3()[pri:3, instance:workingwithTestNG.TestNGFramework@47ef968d]" name="TestCase3" duration-ms="1082" started-at="2020-05-27T21:29:26 CDT" finished-at="2020-05-27T21:29:27 CDT">
          <reporter-output>
          </reporter-output>
        </test-method> <!-- TestCase3 -->
        <test-method status="PASS" signature="BuildExecution()[pri:0, instance:workingwithTestNG.TestNGFramework@47ef968d]" name="BuildExecution" is-config="true" duration-ms="5287" started-at="2020-05-27T21:29:27 CDT" finished-at="2020-05-27T21:29:32 CDT">
          <reporter-output>
          </reporter-output>
        </test-method> <!-- BuildExecution -->
        <test-method status="PASS" signature="TestCase4()[pri:4, instance:workingwithTestNG.TestNGFramework@47ef968d]" name="TestCase4" duration-ms="2082" started-at="2020-05-27T21:29:32 CDT" finished-at="2020-05-27T21:29:34 CDT">
          <reporter-output>
          </reporter-output>
        </test-method> <!-- TestCase4 -->
        <test-method status="PASS" signature="BuildExecution()[pri:0, instance:workingwithTestNG.TestNGFramework@47ef968d]" name="BuildExecution" is-config="true" duration-ms="5375" started-at="2020-05-27T21:29:34 CDT" finished-at="2020-05-27T21:29:40 CDT">
          <reporter-output>
          </reporter-output>
        </test-method> <!-- BuildExecution -->
        <test-method status="PASS" signature="TestCase5()[pri:4, instance:workingwithTestNG.TestNGFramework@47ef968d]" name="TestCase5" duration-ms="559" started-at="2020-05-27T21:29:40 CDT" finished-at="2020-05-27T21:29:40 CDT">
          <reporter-output>
          </reporter-output>
        </test-method> <!-- TestCase5 -->
      </class> <!-- workingwithTestNG.TestNGFramework -->
    </test> <!-- Default test -->
  </suite> <!-- Default suite -->
</testng-results>
